<?xml version="1.0" encoding="UTF-8"?>
<testng-results ignored="0" total="1" passed="1" failed="0" skipped="0">
  <reporter-output>
  </reporter-output>
  <suite started-at="2026-03-13T13:58:01 IST" name="Default suite" finished-at="2026-03-13T13:58:17 IST" duration-ms="16248">
    <groups>
    </groups>
    <test started-at="2026-03-13T13:58:01 IST" name="Default test" finished-at="2026-03-13T13:58:17 IST" duration-ms="16248">
      <class name="testClasses.LoginTest2">
        <test-method is-config="true" signature="suiteStructure()[pri:0, instance:testClasses.LoginTest2@4d5d943d]" started-at="2026-03-13T13:58:00 IST" name="suiteStructure" finished-at="2026-03-13T13:58:01 IST" duration-ms="653" status="PASS">
          <reporter-output>
          </reporter-output>
        </test-method> <!-- suiteStructure -->
        <test-method is-config="true" signature="browserSetup()[pri:0, instance:testClasses.LoginTest2@4d5d943d]" started-at="2026-03-13T13:58:01 IST" name="browserSetup" finished-at="2026-03-13T13:58:08 IST" duration-ms="6625" status="PASS">
          <reporter-output>
          </reporter-output>
        </test-method> <!-- browserSetup -->
        <test-method is-config="true" signature="openBrowser()[pri:0, instance:testClasses.LoginTest2@4d5d943d]" started-at="2026-03-13T13:58:08 IST" name="openBrowser" finished-at="2026-03-13T13:58:13 IST" duration-ms="5584" status="PASS">
          <reporter-output>
          </reporter-output>
        </test-method> <!-- openBrowser -->
        <test-method signature="login()[pri:0, instance:testClasses.LoginTest2@4d5d943d]" started-at="2026-03-13T13:58:13 IST" name="login" finished-at="2026-03-13T13:58:17 IST" duration-ms="3145" status="PASS">
          <reporter-output>
          </reporter-output>
        </test-method> <!-- login -->
        <test-method is-config="true" signature="teardown()[pri:0, instance:testClasses.LoginTest2@4d5d943d]" started-at="2026-03-13T13:58:17 IST" name="teardown" finished-at="2026-03-13T13:58:17 IST" duration-ms="834" status="PASS">
          <reporter-output>
          </reporter-output>
        </test-method> <!-- teardown -->
        <test-method is-config="true" signature="closeBrowser()[pri:0, instance:testClasses.LoginTest2@4d5d943d]" started-at="2026-03-13T13:58:17 IST" name="closeBrowser" finished-at="2026-03-13T13:58:17 IST" duration-ms="1" status="PASS">
          <reporter-output>
          </reporter-output>
        </test-method> <!-- closeBrowser -->
        <test-method is-config="true" signature="closeSuite()[pri:0, instance:testClasses.LoginTest2@4d5d943d]" started-at="2026-03-13T13:58:17 IST" name="closeSuite" finished-at="2026-03-13T13:58:17 IST" duration-ms="1" status="PASS">
          <reporter-output>
          </reporter-output>
        </test-method> <!-- closeSuite -->
      </class> <!-- testClasses.LoginTest2 -->
    </test> <!-- Default test -->
  </suite> <!-- Default suite -->
</testng-results>
